Ă”Ă‡Ă«WARNĂ”Ă‡Ă« Unsupported engine: wanted: {"node":"22.x"} (current: {"node":"v24.14.0","pnpm":"9.3.0"})

> vio-app@0.0.5 build D:\Programaciâ”śâ”‚n\Vio\Viomar NEXT JS project\vio-app
> next build

   Ă”Ă»â–“ Next.js 15.5.9
   - Environments: .env

   Creating an optimized production build ...
(node:10404) [MODULE_TYPELESS_PACKAGE_JSON] Warning: Module type of file:///D:/Programaci%C3%B3n/Vio/Viomar%20NEXT%20JS%20project/vio-app/hero.ts?id=1775055646435 is not specified and it doesn't parse as CommonJS.
Reparsing as ES module because module syntax was detected. This incurs a performance overhead.
To eliminate this warning, add "type": "module" to D:\Programaciâ”śâ”‚n\Vio\Viomar NEXT JS project\vio-app\package.json.
(Use `node --trace-warnings ...` to show where the warning was created)
 Ă”ÂŁĂ´ Compiled successfully in 119s
   Skipping linting
   Checking validity of types ...
   Collecting page data ...
unhandledRejection Error: Cannot find module '../chunks/ssr/[turbopack]_runtime.js'
Require stack:
- D:\Programaciâ”śâ”‚n\Vio\Viomar NEXT JS project\vio-app\.next\server\pages\_document.js
- D:\Programaciâ”śâ”‚n\Vio\Viomar NEXT JS project\vio-app\node_modules\next\dist\server\require.js
- D:\Programaciâ”śâ”‚n\Vio\Viomar NEXT JS project\vio-app\node_modules\next\dist\server\load-components.js
- D:\Programaciâ”śâ”‚n\Vio\Viomar NEXT JS project\vio-app\node_modules\next\dist\build\utils.js
- D:\Programaciâ”śâ”‚n\Vio\Viomar NEXT JS project\vio-app\node_modules\next\dist\build\worker.js
- D:\Programaciâ”śâ”‚n\Vio\Viomar NEXT JS project\vio-app\node_modules\next\dist\compiled\jest-worker\processChild.js
    at Object.<anonymous> (D:\Programaciâ”śâ”‚n\Vio\Viomar NEXT JS project\vio-app\.next\server\pages\_document.js:1:7) {
  type: 'Error',
  code: 'MODULE_NOT_FOUND',
  requireStack: [Array]
}
Ă”Ă‡Ă«ELIFECYCLEĂ”Ă‡Ă« Command failed with exit code 1.
